<?xml version="1.0" encoding="UTF-8"?>
<testsuite xmlns:xsi="http://www.w3.org/2001/XMLSchema-instance" xsi:noNamespaceSchemaLocation="https://maven.apache.org/surefire/maven-failsafe-plugin/xsd/failsafe-test-report-3.0.xsd" version="3.0" name="steps.RunTest" time="1.49" tests="5" errors="0" skipped="0" failures="0">
  <properties>
[...]
</properties>
  <testcase name="I want to login with correct credentials #1" classname="I want to test login in OK" time="0.417">
    <system-err><![CDATA[SLF4J: Failed to load class "org.slf4j.impl.StaticLoggerBinder".
SLF4J: Defaulting to no-operation (NOP) logger implementation
SLF4J: See http://www.slf4j.org/codes.html#StaticLoggerBinder for further details.
]]></system-err>
  </testcase>
  <testcase name="I want to login with correct credentials #2" classname="I want to test login in OK" time="0.009"/>
  <testcase name="I want to login with correct credentials #3" classname="I want to test login in OK" time="0.009"/>
  <testcase name="I want to login with correct credentials #4" classname="I want to test login in OK" time="0.006"/>
  <testcase name="I want to login with correct credentials" classname="Post something" time="0.007"/>
</testsuite>